[INFO] Scanning for projects...
[INFO]                                                                         
[INFO] ------------------------------------------------------------------------
[INFO] Building Vaadin Web Application 0.1-SNAPSHOT
[INFO] ------------------------------------------------------------------------
[INFO] 
[INFO] --- maven-clean-plugin:2.5:clean (default-clean) @ ch03_listSelect ---
[INFO] Deleting C:\cygwin\home\John\workspace\vaadin_cookbook\ch03_listSelect\target
[INFO] Deleting C:\cygwin\home\John\workspace\vaadin_cookbook\ch03_listSelect\src\main\webapp\VAADIN\widgetsets (includes = [], excludes = [])
[INFO] 
[INFO] --- vaadin-maven-plugin:7.2.1:clean (default) @ ch03_listSelect ---
[INFO] auto discovered modules [com.mcparland.john.AppWidgetSet]
[INFO] 
[INFO] --- vaadin-maven-plugin:7.2.1:update-theme (default) @ ch03_listSelect ---
[INFO] Updating theme VAADIN\themes\mytheme
[INFO] Widgetsets found from classpath:
[INFO] 	com.mcparland.john.AppWidgetSet in file://C/cygwin/home/John/workspace/vaadin_cookbook/ch03_listSelect/src/main/java
[INFO] 	com.vaadin.DefaultWidgetSet in jar:file:C:/Users/John/.m2/repository/com/vaadin/vaadin-client/7.2.1/vaadin-client-7.2.1.jar!/
[INFO] Addon styles found from classpath:
[INFO] 
[INFO] Search took 17ms
[INFO] Theme "VAADIN\themes\mytheme" updated
[INFO] 
[INFO] --- license-maven-plugin:1.7:update-file-header (first) @ ch03_listSelect ---
[INFO] Will search files to update from root C:\cygwin\home\John\workspace\vaadin_cookbook\ch03_listSelect\src\main\java
[INFO] Will search files to update from root C:\cygwin\home\John\workspace\vaadin_cookbook\ch03_listSelect\src\main\resources
[INFO] Scan 2 files header done in 44.922ms.
[INFO] All files are up-to-date.
[INFO] 
[INFO] --- vaadin-maven-plugin:7.2.1:compile-theme (default) @ ch03_listSelect ---
[INFO] Updating theme VAADIN\themes\mytheme
[INFO] Theme "VAADIN\themes\mytheme" compiled
[INFO] 
[INFO] --- maven-resources-plugin:2.5:resources (default-resources) @ ch03_listSelect ---
[debug] execute contextualize
[INFO] Using 'UTF-8' encoding to copy filtered resources.
[INFO] Copying 0 resource
[INFO] 
[INFO] --- vaadin-maven-plugin:7.2.1:resources (default) @ ch03_listSelect ---
[INFO] auto discovered modules [com.mcparland.john.AppWidgetSet]
[INFO] 1 source files from GWT module com.mcparland.john.AppWidgetSet
[INFO] 
[INFO] --- maven-compiler-plugin:2.5.1:compile (default-compile) @ ch03_listSelect ---
[INFO] Compiling 1 source file to C:\cygwin\home\John\workspace\vaadin_cookbook\ch03_listSelect\target\classes
[INFO] 
[INFO] --- vaadin-maven-plugin:7.2.1:update-widgetset (default) @ ch03_listSelect ---
[INFO] auto discovered modules [com.mcparland.john.AppWidgetSet]
[INFO] Updating widgetset com.mcparland.john.AppWidgetSet
[INFO] Adding resource directory to command classpath: C:\cygwin\home\John\workspace\vaadin_cookbook\ch03_listSelect\src\main\resources
[WARNING] Failed to retrieve com.vaadin:vaadin-client-compiler based on project POM
[INFO] Using com.vaadin:vaadin-client-compiler version 7.2.1
[INFO] Widgetsets found from classpath:
[INFO] 	com.mcparland.john.AppWidgetSet in file://C/cygwin/home/John/workspace/vaadin_cookbook/ch03_listSelect/src/main/java
[INFO] 	com.vaadin.DefaultWidgetSet in jar:file:C:/Users/John/.m2/repository/com/vaadin/vaadin-client/7.2.1/vaadin-client-7.2.1.jar!/
[INFO] Addon styles found from classpath:
[INFO] 
[INFO] Search took 15ms
[INFO] 
[INFO] --- maven-resources-plugin:2.5:testResources (default-testResources) @ ch03_listSelect ---
[debug] execute contextualize
[INFO] Using 'UTF-8' encoding to copy filtered resources.
[INFO] skip non existing resourceDirectory C:\cygwin\home\John\workspace\vaadin_cookbook\ch03_listSelect\src\test\resources
[INFO] 
[INFO] --- maven-compiler-plugin:2.5.1:testCompile (default-testCompile) @ ch03_listSelect ---
[INFO] No sources to compile
[INFO] 
[INFO] --- maven-surefire-plugin:2.10:test (default-test) @ ch03_listSelect ---
[INFO] No tests to run.
[INFO] Surefire report directory: C:\cygwin\home\John\workspace\vaadin_cookbook\ch03_listSelect\target\surefire-reports

-------------------------------------------------------
 T E S T S
-------------------------------------------------------

Results :

Tests run: 0, Failures: 0, Errors: 0, Skipped: 0

[INFO] 
[INFO] >>> vaadin-maven-plugin:7.2.1:compile (default) @ ch03_listSelect >>>
[INFO] 
[INFO] --- vaadin-maven-plugin:7.2.1:update-theme (default) @ ch03_listSelect ---
[INFO] Updating theme VAADIN\themes\mytheme
[INFO] Widgetsets found from classpath:
[INFO] 	com.mcparland.john.AppWidgetSet in file://C/cygwin/home/John/workspace/vaadin_cookbook/ch03_listSelect/target/classes
[INFO] 	com.vaadin.DefaultWidgetSet in jar:file:C:/Users/John/.m2/repository/com/vaadin/vaadin-client/7.2.1/vaadin-client-7.2.1.jar!/
[INFO] Addon styles found from classpath:
[INFO] 
[INFO] Search took 21ms
[INFO] Theme "VAADIN\themes\mytheme" updated
[INFO] 
[INFO] --- license-maven-plugin:1.7:update-file-header (first) @ ch03_listSelect ---
[INFO] Will search files to update from root C:\cygwin\home\John\workspace\vaadin_cookbook\ch03_listSelect\src\main\java
[INFO] Will search files to update from root C:\cygwin\home\John\workspace\vaadin_cookbook\ch03_listSelect\src\main\resources
[INFO] Scan 2 files header done in 12.003ms.
[INFO] All files are up-to-date.
[INFO] 
[INFO] --- vaadin-maven-plugin:7.2.1:compile-theme (default) @ ch03_listSelect ---
[INFO] Updating theme VAADIN\themes\mytheme
[INFO] Theme "VAADIN\themes\mytheme" compiled
[INFO] 
[INFO] --- maven-resources-plugin:2.5:resources (default-resources) @ ch03_listSelect ---
[debug] execute contextualize
[INFO] Using 'UTF-8' encoding to copy filtered resources.
[INFO] Copying 0 resource
[INFO] 
[INFO] --- vaadin-maven-plugin:7.2.1:resources (default) @ ch03_listSelect ---
[INFO] auto discovered modules [com.mcparland.john.AppWidgetSet]
[INFO] 1 source files from GWT module com.mcparland.john.AppWidgetSet
[INFO] 
[INFO] <<< vaadin-maven-plugin:7.2.1:compile (default) @ ch03_listSelect <<<
[INFO] 
[INFO] --- vaadin-maven-plugin:7.2.1:compile (default) @ ch03_listSelect ---
[INFO] auto discovered modules [com.mcparland.john.AppWidgetSet]
[WARNING] Failed to retrieve com.vaadin:vaadin-client-compiler based on project POM
[INFO] Using com.vaadin:vaadin-client-compiler version 7.2.1
[ERROR] Nov 01, 2014 1:19:44 PM java.util.prefs.WindowsPreferences <init>
[ERROR] WARNING: Could not open/create prefs root node Software\JavaSoft\Prefs at root 0x80000002. Windows RegCreateKeyEx(...) returned error code 5.
[INFO] Compiling module com.mcparland.john.AppWidgetSet
[INFO]    Validating units:
[INFO]       [WARN] Warnings in 'jar:file:/C:/Users/John/.m2/repository/com/vaadin/vaadin-client/7.2.1/vaadin-client-7.2.1.jar!/com/google/gwt/user/client/impl/DOMImplMozilla.java'
[INFO]          [WARN] Line 42: Referencing deprecated field 'com.google.gwt.user.client.impl.DOMImplStandard.dispatchEvent'
[INFO]       [WARN] Warnings in 'jar:file:/C:/Users/John/.m2/repository/com/vaadin/vaadin-client/7.2.1/vaadin-client-7.2.1.jar!/com/google/gwt/user/client/impl/DOMImplOpera.java'
[INFO]          [WARN] Line 31: Referencing deprecated field 'com.google.gwt.user.client.impl.DOMImplStandard.dispatchEvent'
[INFO]          [WARN] Line 33: Referencing deprecated field 'com.google.gwt.user.client.impl.DOMImplStandard.dispatchEvent'
[INFO]          [WARN] Line 35: Referencing deprecated field 'com.google.gwt.user.client.impl.DOMImplStandard.dispatchEvent'
[INFO]          [WARN] Line 37: Referencing deprecated field 'com.google.gwt.user.client.impl.DOMImplStandard.dispatchEvent'
[INFO]          [WARN] Line 39: Referencing deprecated field 'com.google.gwt.user.client.impl.DOMImplStandard.dispatchEvent'
[INFO]          [WARN] Line 41: Referencing deprecated field 'com.google.gwt.user.client.impl.DOMImplStandard.dispatchEvent'
[INFO]          [WARN] Line 43: Referencing deprecated field 'com.google.gwt.user.client.impl.DOMImplStandard.dispatchEvent'
[INFO]          [WARN] Line 45: Referencing deprecated field 'com.google.gwt.user.client.impl.DOMImplStandard.dispatchEvent'
[INFO]          [WARN] Line 47: Referencing deprecated field 'com.google.gwt.user.client.impl.DOMImplStandard.dispatchEvent'
[INFO]          [WARN] Line 49: Referencing deprecated field 'com.google.gwt.user.client.impl.DOMImplStandard.dispatchEvent'
[INFO]          [WARN] Line 51: Referencing deprecated field 'com.google.gwt.user.client.impl.DOMImplStandard.dispatchEvent'
[INFO]          [WARN] Line 53: Referencing deprecated field 'com.google.gwt.user.client.impl.DOMImplStandard.dispatchEvent'
[INFO]          [WARN] Line 55: Referencing deprecated field 'com.google.gwt.user.client.impl.DOMImplStandard.dispatchEvent'
[INFO]          [WARN] Line 57: Referencing deprecated field 'com.google.gwt.user.client.impl.DOMImplStandard.dispatchEvent'
[INFO]          [WARN] Line 59: Referencing deprecated field 'com.google.gwt.user.client.impl.DOMImplStandard.dispatchEvent'
[INFO]          [WARN] Line 61: Referencing deprecated field 'com.google.gwt.user.client.impl.DOMImplStandard.dispatchUnhandledEvent'
[INFO]          [WARN] Line 63: Referencing deprecated field 'com.google.gwt.user.client.impl.DOMImplStandard.dispatchEvent'
[INFO]          [WARN] Line 65: Referencing deprecated field 'com.google.gwt.user.client.impl.DOMImplStandard.dispatchEvent'
[INFO]          [WARN] Line 67: Referencing deprecated field 'com.google.gwt.user.client.impl.DOMImplStandard.dispatchEvent'
[INFO]          [WARN] Line 69: Referencing deprecated field 'com.google.gwt.user.client.impl.DOMImplStandard.dispatchEvent'
[INFO]       [WARN] Warnings in 'jar:file:/C:/Users/John/.m2/repository/com/vaadin/vaadin-client/7.2.1/vaadin-client-7.2.1.jar!/com/google/gwt/user/client/impl/DOMImplStandard.java'
[INFO]          [WARN] Line 223: Referencing deprecated field 'com.google.gwt.user.client.impl.DOMImplStandard.dispatchEvent'
[INFO]          [WARN] Line 226: Referencing deprecated field 'com.google.gwt.user.client.impl.DOMImplStandard.dispatchUnhandledEvent'
[INFO]          [WARN] Line 262: Referencing deprecated field 'com.google.gwt.user.client.impl.DOMImplStandard.dispatchEvent'
[INFO]          [WARN] Line 264: Referencing deprecated field 'com.google.gwt.user.client.impl.DOMImplStandard.dispatchEvent'
[INFO]          [WARN] Line 266: Referencing deprecated field 'com.google.gwt.user.client.impl.DOMImplStandard.dispatchEvent'
[INFO]          [WARN] Line 268: Referencing deprecated field 'com.google.gwt.user.client.impl.DOMImplStandard.dispatchEvent'
[INFO]          [WARN] Line 270: Referencing deprecated field 'com.google.gwt.user.client.impl.DOMImplStandard.dispatchEvent'
[INFO]          [WARN] Line 272: Referencing deprecated field 'com.google.gwt.user.client.impl.DOMImplStandard.dispatchEvent'
[INFO]          [WARN] Line 274: Referencing deprecated field 'com.google.gwt.user.client.impl.DOMImplStandard.dispatchEvent'
[INFO]          [WARN] Line 276: Referencing deprecated field 'com.google.gwt.user.client.impl.DOMImplStandard.dispatchEvent'
[INFO]          [WARN] Line 278: Referencing deprecated field 'com.google.gwt.user.client.impl.DOMImplStandard.dispatchEvent'
[INFO]          [WARN] Line 280: Referencing deprecated field 'com.google.gwt.user.client.impl.DOMImplStandard.dispatchEvent'
[INFO]          [WARN] Line 282: Referencing deprecated field 'com.google.gwt.user.client.impl.DOMImplStandard.dispatchEvent'
[INFO]          [WARN] Line 284: Referencing deprecated field 'com.google.gwt.user.client.impl.DOMImplStandard.dispatchEvent'
[INFO]          [WARN] Line 286: Referencing deprecated field 'com.google.gwt.user.client.impl.DOMImplStandard.dispatchEvent'
[INFO]          [WARN] Line 288: Referencing deprecated field 'com.google.gwt.user.client.impl.DOMImplStandard.dispatchEvent'
[INFO]          [WARN] Line 290: Referencing deprecated field 'com.google.gwt.user.client.impl.DOMImplStandard.dispatchEvent'
[INFO]          [WARN] Line 292: Referencing deprecated field 'com.google.gwt.user.client.impl.DOMImplStandard.dispatchUnhandledEvent'
[INFO]          [WARN] Line 294: Referencing deprecated field 'com.google.gwt.user.client.impl.DOMImplStandard.dispatchEvent'
[INFO]          [WARN] Line 296: Referencing deprecated field 'com.google.gwt.user.client.impl.DOMImplStandard.dispatchEvent'
[INFO]          [WARN] Line 298: Referencing deprecated field 'com.google.gwt.user.client.impl.DOMImplStandard.dispatchEvent'
[INFO]          [WARN] Line 300: Referencing deprecated field 'com.google.gwt.user.client.impl.DOMImplStandard.dispatchEvent'
[INFO]          [WARN] Line 302: Referencing deprecated field 'com.google.gwt.user.client.impl.DOMImplStandard.dispatchEvent'
[INFO]          [WARN] Line 304: Referencing deprecated field 'com.google.gwt.user.client.impl.DOMImplStandard.dispatchEvent'
[INFO]          [WARN] Line 306: Referencing deprecated field 'com.google.gwt.user.client.impl.DOMImplStandard.dispatchEvent'
[INFO]          [WARN] Line 308: Referencing deprecated field 'com.google.gwt.user.client.impl.DOMImplStandard.dispatchEvent'
[INFO]          [WARN] Line 310: Referencing deprecated field 'com.google.gwt.user.client.impl.DOMImplStandard.dispatchEvent'
[INFO]          [WARN] Line 312: Referencing deprecated field 'com.google.gwt.user.client.impl.DOMImplStandard.dispatchEvent'
[INFO]          [WARN] Line 314: Referencing deprecated field 'com.google.gwt.user.client.impl.DOMImplStandard.dispatchEvent'
[INFO]    Computing all possible rebind results for 'com.google.gwt.user.client.ui.impl.FocusImpl'
[INFO]       Rebinding com.google.gwt.user.client.ui.impl.FocusImpl
[INFO]          Could not find an exact match rule. Using 'closest' rule <replace-with class='com.google.gwt.user.client.ui.impl.FocusImplIE6'/> based on fall back values. You may need to implement a specific binding in case the fall back behavior does not replace the missing binding
[INFO]    Computing all possible rebind results for 'com.vaadin.client.metadata.ConnectorBundleLoader'
[INFO]       Rebinding com.vaadin.client.metadata.ConnectorBundleLoader
[INFO]          Invoking generator com.vaadin.server.widgetsetutils.ConnectorBundleLoaderFactory
[INFO]             Populating eager bundle
[INFO]                Visiting VerticalLayoutConnector with ConnectorInitVisitor
[INFO]                   VerticalLayoutConnector will be in the eager bundle
[INFO]                Will serialize class com.vaadin.shared.ui.orderedlayout.VerticalLayoutState as a bean
[INFO]                Will serialize class java.util.HashMap<com.vaadin.shared.Connector, com.vaadin.shared.ui.orderedlayout.AbstractOrderedLayoutState.ChildComponentData> as a bean
[INFO]                Will serialize class com.vaadin.shared.ui.orderedlayout.AbstractOrderedLayoutState.ChildComponentData as a bean
[INFO]                Will serialize class com.vaadin.shared.communication.URLReference using URLReference_Serializer
[INFO]                Visiting UIConnector with ConnectorInitVisitor
[INFO]                   UIConnector will be in the eager bundle
[INFO]                Will serialize class com.vaadin.shared.ui.ui.UIState as a bean
[INFO]                Will serialize class com.vaadin.shared.ui.ui.UIState.TooltipConfigurationState as a bean
[INFO]                Will serialize class com.vaadin.shared.ui.ui.UIState.PushConfigurationState as a bean
[INFO]                Will serialize class com.vaadin.shared.ui.ui.UIState.LocaleServiceState as a bean
[INFO]                Will serialize class com.vaadin.shared.ui.ui.PageState as a bean
[INFO]                Will serialize class com.vaadin.shared.ui.ui.UIState.LoadingIndicatorConfigurationState as a bean
[INFO]                Will serialize class com.vaadin.shared.ui.ui.UIState.NotificationTypeConfiguration as a bean
[INFO]                Will serialize class com.vaadin.shared.ui.ui.NotificationRole as an enum
[INFO]                Will serialize class com.vaadin.shared.communication.PushMode as an enum
[INFO]                Will serialize class com.vaadin.shared.ui.ui.UIState.LocaleData as a bean
[INFO]                Will serialize java.lang.String[] as an array
[INFO]                Visiting TableConnector with ConnectorInitVisitor
[INFO]                   TableConnector will be in the eager bundle
[INFO]                Will serialize class com.vaadin.shared.ui.table.TableState as a bean
[INFO]                Visiting NativeSelectConnector with ConnectorInitVisitor
[INFO]                   NativeSelectConnector will be in the eager bundle
[INFO]                Will serialize class com.vaadin.shared.AbstractFieldState as a bean
[INFO]                Visiting CustomComponentConnector with ConnectorInitVisitor
[INFO]                   CustomComponentConnector will be in the eager bundle
[INFO]                Will serialize class com.vaadin.shared.AbstractComponentState as a bean
[INFO]                Visiting WindowConnector with ConnectorInitVisitor
[INFO]                   WindowConnector will be in the eager bundle
[INFO]                Will serialize class com.vaadin.shared.ui.window.WindowState as a bean
[INFO]                Will serialize class com.vaadin.shared.ui.window.WindowMode as an enum
[INFO]                Will serialize com.vaadin.shared.Connector[] as an array
[INFO]                Will serialize class com.vaadin.shared.ui.window.WindowRole as an enum
[INFO]                Visiting PasswordFieldConnector with ConnectorInitVisitor
[INFO]                   PasswordFieldConnector will be in the eager bundle
[INFO]                Will serialize class com.vaadin.shared.ui.textfield.AbstractTextFieldState as a bean
[INFO]                Visiting InlineDateFieldConnector with ConnectorInitVisitor
[INFO]                   InlineDateFieldConnector will be in the eager bundle
[INFO]                Will serialize class com.vaadin.shared.ui.datefield.InlineDateFieldState as a bean
[INFO]                Will serialize class java.util.Date using Date_Serializer
[INFO]                Visiting PanelConnector with ConnectorInitVisitor
[INFO]                   PanelConnector will be in the eager bundle
[INFO]                Will serialize class com.vaadin.shared.ui.panel.PanelState as a bean
[INFO]                Visiting CustomFieldConnector with ConnectorInitVisitor
[INFO]                   CustomFieldConnector will be in the eager bundle
[INFO]                Visiting DragAndDropWrapperConnector with ConnectorInitVisitor
[INFO]                   DragAndDropWrapperConnector will be in the eager bundle
[INFO]                Visiting LinkConnector with ConnectorInitVisitor
[INFO]                   LinkConnector will be in the eager bundle
[INFO]                Will serialize class com.vaadin.shared.ui.link.LinkState as a bean
[INFO]                Will serialize class com.vaadin.shared.ui.BorderStyle as an enum
[INFO]                Visiting ImageConnector with ConnectorInitVisitor
[INFO]                   ImageConnector will be in the eager bundle
[INFO]                Will serialize class com.vaadin.shared.ui.image.ImageState as a bean
[INFO]                Visiting BrowserWindowOpenerConnector with ConnectorInitVisitor
[INFO]                   BrowserWindowOpenerConnector will be in the eager bundle
[INFO]                Will serialize class com.vaadin.shared.ui.BrowserWindowOpenerState as a bean
[INFO]                Visiting LabelConnector with ConnectorInitVisitor
[INFO]                   LabelConnector will be in the eager bundle
[INFO]                Will serialize class com.vaadin.shared.ui.label.LabelState as a bean
[INFO]                Will serialize class com.vaadin.shared.ui.label.ContentMode as an enum
[INFO]                Visiting BrowserFrameConnector with ConnectorInitVisitor
[INFO]                   BrowserFrameConnector will be in the eager bundle
[INFO]                Will serialize class com.vaadin.shared.ui.browserframe.BrowserFrameState as a bean
[INFO]                Visiting TreeConnector with ConnectorInitVisitor
[INFO]                   TreeConnector will be in the eager bundle
[INFO]                Will serialize class com.vaadin.shared.ui.tree.TreeState as a bean
[INFO]                Visiting TabsheetConnector with ConnectorInitVisitor
[INFO]                   TabsheetConnector will be in the eager bundle
[INFO]                Will serialize class com.vaadin.shared.ui.tabsheet.TabsheetState as a bean
[INFO]                Will serialize class java.util.ArrayList<com.vaadin.shared.ui.tabsheet.TabState> as a bean
[INFO]                Will serialize class com.vaadin.shared.ui.tabsheet.TabState as a bean
[INFO]                Visiting NativeButtonConnector with ConnectorInitVisitor
[INFO]                   NativeButtonConnector will be in the eager bundle
[INFO]                Will serialize class com.vaadin.shared.ui.button.NativeButtonState as a bean
[INFO]                Visiting PopupDateFieldConnector with ConnectorInitVisitor
[INFO]                   PopupDateFieldConnector will be in the eager bundle
[INFO]                Will serialize class com.vaadin.shared.ui.datefield.PopupDateFieldState as a bean
[INFO]                Visiting EmbeddedConnector with ConnectorInitVisitor
[INFO]                   EmbeddedConnector will be in the eager bundle
[INFO]                Will serialize class com.vaadin.shared.ui.embedded.EmbeddedState as a bean
[INFO]                Visiting FlashConnector with ConnectorInitVisitor
[INFO]                   FlashConnector will be in the eager bundle
[INFO]                Will serialize class com.vaadin.shared.ui.flash.FlashState as a bean
[INFO]                Visiting CssLayoutConnector with ConnectorInitVisitor
[INFO]                   CssLayoutConnector will be in the eager bundle
[INFO]                Will serialize class com.vaadin.shared.ui.csslayout.CssLayoutState as a bean
[INFO]                Visiting AudioConnector with ConnectorInitVisitor
[INFO]                   AudioConnector will be in the eager bundle
[INFO]                Will serialize class com.vaadin.shared.ui.AbstractMediaState as a bean
[INFO]                Visiting VideoConnector with ConnectorInitVisitor
[INFO]                   VideoConnector will be in the eager bundle
[INFO]                Will serialize class com.vaadin.shared.ui.video.VideoState as a bean
[INFO]                Visiting CustomLayoutConnector with ConnectorInitVisitor
[INFO]                   CustomLayoutConnector will be in the eager bundle
[INFO]                Will serialize class com.vaadin.shared.ui.customlayout.CustomLayoutState as a bean
[INFO]                Visiting AbsoluteLayoutConnector with ConnectorInitVisitor
[INFO]                   AbsoluteLayoutConnector will be in the eager bundle
[INFO]                Will serialize class com.vaadin.shared.ui.absolutelayout.AbsoluteLayoutState as a bean
[INFO]                Visiting HorizontalLayoutConnector with ConnectorInitVisitor
[INFO]                   HorizontalLayoutConnector will be in the eager bundle
[INFO]                Will serialize class com.vaadin.shared.ui.orderedlayout.HorizontalLayoutState as a bean
[INFO]                Visiting TextFieldConnector with ConnectorInitVisitor
[INFO]                   TextFieldConnector will be in the eager bundle
[INFO]                Visiting ListSelectConnector with ConnectorInitVisitor
[INFO]                   ListSelectConnector will be in the eager bundle
[INFO]                Visiting FileDownloaderConnector with ConnectorInitVisitor
[INFO]                   FileDownloaderConnector will be in the eager bundle
[INFO]                Will serialize class com.vaadin.shared.communication.SharedState as a bean
[INFO]                Visiting GridLayoutConnector with ConnectorInitVisitor
[INFO]                   GridLayoutConnector will be in the eager bundle
[INFO]                Will serialize class com.vaadin.shared.ui.gridlayout.GridLayoutState as a bean
[INFO]                Will serialize class com.vaadin.shared.ui.gridlayout.GridLayoutState.ChildComponentData as a bean
[INFO]                Visiting ButtonConnector with ConnectorInitVisitor
[INFO]                   ButtonConnector will be in the eager bundle
[INFO]                Will serialize class com.vaadin.shared.ui.button.ButtonState as a bean
[INFO]                Visiting TwinColSelectConnector with ConnectorInitVisitor
[INFO]                   TwinColSelectConnector will be in the eager bundle
[INFO]                Will serialize class com.vaadin.shared.ui.twincolselect.TwinColSelectState as a bean
[INFO]                Visiting JavaScriptExtension with ConnectorInitVisitor
[INFO]                   JavaScriptExtension will be in the eager bundle
[INFO]                Will serialize class com.vaadin.shared.JavaScriptExtensionState as a bean
[INFO]                Visiting FormConnector with ConnectorInitVisitor
[INFO]                   FormConnector will be in the eager bundle
[INFO]                Will serialize class com.vaadin.shared.ui.form.FormState as a bean
[INFO]                Visiting TextAreaConnector with ConnectorInitVisitor
[INFO]                   TextAreaConnector will be in the eager bundle
[INFO]                Will serialize class com.vaadin.shared.ui.textarea.TextAreaState as a bean
[INFO]                Visiting ProgressBarConnector with ConnectorInitVisitor
[INFO]                   ProgressBarConnector will be in the eager bundle
[INFO]                Will serialize class com.vaadin.shared.ui.progressindicator.ProgressBarState as a bean
[INFO]                Visiting UploadConnector with ConnectorInitVisitor
[INFO]                   UploadConnector will be in the eager bundle
[INFO]                Visiting FormLayoutConnector with ConnectorInitVisitor
[INFO]                   FormLayoutConnector will be in the eager bundle
[INFO]                Will serialize class com.vaadin.shared.ui.orderedlayout.AbstractOrderedLayoutState as a bean
[INFO]                Visiting JavaScriptManagerConnector with ConnectorInitVisitor
[INFO]                   JavaScriptManagerConnector will be in the eager bundle
[INFO]                Will serialize class com.vaadin.shared.extension.javascriptmanager.JavaScriptManagerState as a bean
[INFO]                Visiting ProgressIndicatorConnector with ConnectorInitVisitor
[INFO]                   ProgressIndicatorConnector will be in the eager bundle
[INFO]                Will serialize class com.vaadin.shared.ui.progressindicator.ProgressIndicatorState as a bean
[INFO]                Visiting SliderConnector with ConnectorInitVisitor
[INFO]                   SliderConnector will be in the eager bundle
[INFO]                Will serialize class com.vaadin.shared.ui.slider.SliderState as a bean
[INFO]                Will serialize class com.vaadin.shared.ui.slider.SliderOrientation as an enum
[INFO]                Visiting ComboBoxConnector with ConnectorInitVisitor
[INFO]                   ComboBoxConnector will be in the eager bundle
[INFO]                Will serialize class com.vaadin.shared.ui.combobox.ComboBoxState as a bean
[INFO]                Visiting CheckBoxConnector with ConnectorInitVisitor
[INFO]                   CheckBoxConnector will be in the eager bundle
[INFO]                Will serialize class com.vaadin.shared.ui.checkbox.CheckBoxState as a bean
[INFO]                Visiting AccordionConnector with ConnectorInitVisitor
[INFO]                   AccordionConnector will be in the eager bundle
[INFO]                Will serialize class com.vaadin.shared.ui.accordion.AccordionState as a bean
[INFO]                Visiting VerticalSplitPanelConnector with ConnectorInitVisitor
[INFO]                   VerticalSplitPanelConnector will be in the eager bundle
[INFO]                Will serialize class com.vaadin.shared.ui.splitpanel.VerticalSplitPanelState as a bean
[INFO]                Will serialize class com.vaadin.shared.ui.splitpanel.AbstractSplitPanelState.SplitterState as a bean
[INFO]                Visiting JavaScriptComponentConnector with ConnectorInitVisitor
[INFO]                   JavaScriptComponentConnector will be in the eager bundle
[INFO]                Will serialize class com.vaadin.shared.ui.JavaScriptComponentState as a bean
[INFO]                Visiting OptionGroupConnector with ConnectorInitVisitor
[INFO]                   OptionGroupConnector will be in the eager bundle
[INFO]                Will serialize class com.vaadin.shared.ui.optiongroup.OptionGroupState as a bean
[INFO]                Visiting PopupViewConnector with ConnectorInitVisitor
[INFO]                   PopupViewConnector will be in the eager bundle
[INFO]                Will serialize class com.vaadin.shared.ui.popupview.PopupViewState as a bean
[INFO]                Visiting MenuBarConnector with ConnectorInitVisitor
[INFO]                   MenuBarConnector will be in the eager bundle
[INFO]                Will serialize class com.vaadin.shared.ui.menubar.MenuBarState as a bean
[INFO]                Visiting HorizontalSplitPanelConnector with ConnectorInitVisitor
[INFO]                   HorizontalSplitPanelConnector will be in the eager bundle
[INFO]                Will serialize class com.vaadin.shared.ui.splitpanel.HorizontalSplitPanelState as a bean
[INFO]                Visiting TreeTableConnector with ConnectorInitVisitor
[INFO]                   TreeTableConnector will be in the eager bundle
[INFO]                Will serialize class com.vaadin.shared.ui.treetable.TreeTableState as a bean
[INFO]                Visiting ResponsiveConnector with ConnectorInitVisitor
[INFO]                   ResponsiveConnector will be in the eager bundle
[INFO]                Will serialize class com.vaadin.shared.MouseEventDetails as a bean
[INFO]                Will serialize class com.vaadin.shared.MouseEventDetails.MouseButton as an enum
[INFO]             Populating CalendarConnector bundle
[INFO]                Visiting CalendarConnector with ConnectorInitVisitor
[INFO]                   CalendarConnector will be in the CalendarConnector bundle
[INFO]                Will serialize class com.vaadin.shared.ui.calendar.CalendarState as a bean
[INFO]                Will serialize class com.vaadin.shared.ui.calendar.CalendarState.Day as a bean
[INFO]                Will serialize class com.vaadin.shared.ui.calendar.CalendarState.Action as a bean
[INFO]                Will serialize class com.vaadin.shared.ui.calendar.CalendarState.Event as a bean
[INFO]             Populating RichTextAreaConnector bundle
[INFO]                Visiting RichTextAreaConnector with ConnectorInitVisitor
[INFO]                   RichTextAreaConnector will be in the RichTextAreaConnector bundle
[INFO]             Populating ColorPickerGradientConnector bundle
[INFO]                Visiting ColorPickerGradientConnector with ConnectorInitVisitor
[INFO]                   ColorPickerGradientConnector will be in the ColorPickerGradientConnector bundle
[INFO]                Will serialize class com.vaadin.shared.ui.colorpicker.ColorPickerGradientState as a bean
[INFO]             Populating ColorPickerAreaConnector bundle
[INFO]                Visiting ColorPickerAreaConnector with ConnectorInitVisitor
[INFO]                   ColorPickerAreaConnector will be in the ColorPickerAreaConnector bundle
[INFO]                Will serialize class com.vaadin.shared.ui.colorpicker.ColorPickerState as a bean
[INFO]             Populating ColorPickerConnector bundle
[INFO]                Visiting ColorPickerConnector with ConnectorInitVisitor
[INFO]                   ColorPickerConnector will be in the ColorPickerConnector bundle
[INFO]                Will serialize class com.vaadin.shared.ui.colorpicker.ColorPickerState as a bean
[INFO]             Populating ColorPickerGridConnector bundle
[INFO]                Visiting ColorPickerGridConnector with ConnectorInitVisitor
[INFO]                   ColorPickerGridConnector will be in the ColorPickerGridConnector bundle
[INFO]                Will serialize class com.vaadin.shared.ui.colorpicker.ColorPickerGridState as a bean
[INFO]    Adding '1' new generated units
[INFO]       Validating units:
[INFO]          [WARN] Warnings in 'C:\cygwin\home\John\workspace\vaadin_cookbook\ch03_listSelect\target\.generated\com\vaadin\client\metadata\ConnectorBundleLoaderImpl.java'
[INFO]             [WARN] Line 2696: Referencing deprecated class 'com.vaadin.shared.ui.progressindicator.ProgressIndicatorState'
[INFO]             [WARN] Line 2699: Referencing deprecated class 'com.vaadin.shared.ui.progressindicator.ProgressIndicatorState'
[INFO]             [WARN] Line 2702: Referencing deprecated class 'com.vaadin.shared.ui.progressindicator.ProgressIndicatorState'
[INFO]             See snapshot: C:\cygwin\tmp\com.vaadin.client.metadata.ConnectorBundleLoaderImpl2887094780237947688.java
[INFO]    Computing all possible rebind results for 'com.vaadin.client.ui.dd.VAcceptCriterionFactory'
[INFO]       Rebinding com.vaadin.client.ui.dd.VAcceptCriterionFactory
[INFO]          Invoking generator com.vaadin.server.widgetsetutils.AcceptCriteriaFactoryGenerator
[INFO]             Detecting available criteria ...
[INFO]             creating mapping for com.vaadin.ui.AbstractSelect.TargetItemIs
[INFO]             creating mapping for com.vaadin.event.dd.acceptcriteria.SourceIsTarget
[INFO]             creating mapping for com.vaadin.event.dd.acceptcriteria.TargetDetailIs
[INFO]             creating mapping for com.vaadin.ui.Table.TableDropCriterion
[INFO]             creating mapping for com.vaadin.event.dd.acceptcriteria.Not
[INFO]             creating mapping for com.vaadin.event.dd.acceptcriteria.ContainsDataFlavor
[INFO]             creating mapping for com.vaadin.event.dd.acceptcriteria.ServerSideCriterion
[INFO]             creating mapping for com.vaadin.ui.Tree.TargetInSubtree
[INFO]             creating mapping for com.vaadin.event.dd.acceptcriteria.And
[INFO]             creating mapping for com.vaadin.event.dd.acceptcriteria.Or
[INFO]             creating mapping for com.vaadin.ui.AbstractSelect.AcceptItem
[INFO]             creating mapping for com.vaadin.ui.Tree.TreeDropCriterion
[INFO]             creating mapping for com.vaadin.event.dd.acceptcriteria.SourceIs
[INFO]             creating mapping for com.vaadin.event.dd.acceptcriteria.AcceptAll
[INFO]             Done. (0seconds)
[INFO]    Compiling 1 permutation
[INFO]       Compiling permutation 0...
[INFO]    Compile of permutations succeeded
[INFO] Linking into C:\cygwin\home\John\workspace\vaadin_cookbook\ch03_listSelect\src\main\webapp\VAADIN\widgetsets\com.mcparland.john.AppWidgetSet
[INFO]    Link succeeded
[INFO]    Compilation succeeded -- 70.527s
[INFO] 
[INFO] --- maven-war-plugin:2.2:war (default-war) @ ch03_listSelect ---
[INFO] Packaging webapp
[INFO] Assembling webapp [ch03_listSelect] in [C:\cygwin\home\John\workspace\vaadin_cookbook\ch03_listSelect\target\ch03_listSelect-0.1-SNAPSHOT]
[INFO] Processing war project
[INFO] Copying webapp resources [C:\cygwin\home\John\workspace\vaadin_cookbook\ch03_listSelect\src\main\webapp]
[INFO] Webapp assembled in [554 msecs]
[INFO] Building war: C:\cygwin\home\John\workspace\vaadin_cookbook\ch03_listSelect\target\ch03_listSelect-0.1-SNAPSHOT.war
[INFO] 
[INFO] --- vaadin-maven-plugin:7.2.1:update-theme (default) @ ch03_listSelect ---
[INFO] Updating theme VAADIN\themes\mytheme
[INFO] Widgetsets found from classpath:
[INFO] 	com.mcparland.john.AppWidgetSet in file://C/cygwin/home/John/workspace/vaadin_cookbook/ch03_listSelect/target/classes
[INFO] 	com.vaadin.DefaultWidgetSet in jar:file:C:/Users/John/.m2/repository/com/vaadin/vaadin-client/7.2.1/vaadin-client-7.2.1.jar!/
[INFO] Addon styles found from classpath:
[INFO] 
[INFO] Search took 22ms
[INFO] Theme "VAADIN\themes\mytheme" updated
[INFO] 
[INFO] --- license-maven-plugin:1.7:update-file-header (first) @ ch03_listSelect ---
[INFO] Will search files to update from root C:\cygwin\home\John\workspace\vaadin_cookbook\ch03_listSelect\src\main\java
[INFO] Will search files to update from root C:\cygwin\home\John\workspace\vaadin_cookbook\ch03_listSelect\src\main\resources
[INFO] Scan 2 files header done in 10.321ms.
[INFO] All files are up-to-date.
[INFO] 
[INFO] --- vaadin-maven-plugin:7.2.1:compile-theme (default) @ ch03_listSelect ---
[INFO] Updating theme VAADIN\themes\mytheme
[INFO] Theme "VAADIN\themes\mytheme" compiled
[INFO] 
[INFO] --- maven-resources-plugin:2.5:resources (default-resources) @ ch03_listSelect ---
[debug] execute contextualize
[INFO] Using 'UTF-8' encoding to copy filtered resources.
[INFO] Copying 0 resource
[INFO] 
[INFO] --- vaadin-maven-plugin:7.2.1:resources (default) @ ch03_listSelect ---
[INFO] auto discovered modules [com.mcparland.john.AppWidgetSet]
[INFO] 1 source files from GWT module com.mcparland.john.AppWidgetSet
[INFO] 
[INFO] --- maven-compiler-plugin:2.5.1:compile (default-compile) @ ch03_listSelect ---
[INFO] Nothing to compile - all classes are up to date
[INFO] 
[INFO] --- vaadin-maven-plugin:7.2.1:update-widgetset (default) @ ch03_listSelect ---
[INFO] auto discovered modules [com.mcparland.john.AppWidgetSet]
[INFO] Updating widgetset com.mcparland.john.AppWidgetSet
[INFO] Adding resource directory to command classpath: C:\cygwin\home\John\workspace\vaadin_cookbook\ch03_listSelect\src\main\resources
[WARNING] Failed to retrieve com.vaadin:vaadin-client-compiler based on project POM
[INFO] Using com.vaadin:vaadin-client-compiler version 7.2.1
[INFO] Widgetsets found from classpath:
[INFO] 	com.mcparland.john.AppWidgetSet in file://C/cygwin/home/John/workspace/vaadin_cookbook/ch03_listSelect/src/main/java
[INFO] 	com.vaadin.DefaultWidgetSet in jar:file:C:/Users/John/.m2/repository/com/vaadin/vaadin-client/7.2.1/vaadin-client-7.2.1.jar!/
[INFO] Addon styles found from classpath:
[INFO] 
[INFO] Search took 14ms
[INFO] 
[INFO] --- maven-resources-plugin:2.5:testResources (default-testResources) @ ch03_listSelect ---
[debug] execute contextualize
[INFO] Using 'UTF-8' encoding to copy filtered resources.
[INFO] skip non existing resourceDirectory C:\cygwin\home\John\workspace\vaadin_cookbook\ch03_listSelect\src\test\resources
[INFO] 
[INFO] --- maven-compiler-plugin:2.5.1:testCompile (default-testCompile) @ ch03_listSelect ---
[INFO] No sources to compile
[INFO] 
[INFO] --- maven-surefire-plugin:2.10:test (default-test) @ ch03_listSelect ---
[INFO] No tests to run.
[INFO] Skipping execution of surefire because it has already been run for this configuration
[INFO] 
[INFO] >>> vaadin-maven-plugin:7.2.1:compile (default) @ ch03_listSelect >>>
[INFO] 
[INFO] --- vaadin-maven-plugin:7.2.1:update-theme (default) @ ch03_listSelect ---
[INFO] Updating theme VAADIN\themes\mytheme
[INFO] Widgetsets found from classpath:
[INFO] 	com.mcparland.john.AppWidgetSet in file://C/cygwin/home/John/workspace/vaadin_cookbook/ch03_listSelect/target/classes
[INFO] 	com.vaadin.DefaultWidgetSet in jar:file:C:/Users/John/.m2/repository/com/vaadin/vaadin-client/7.2.1/vaadin-client-7.2.1.jar!/
[INFO] Addon styles found from classpath:
[INFO] 
[INFO] Search took 22ms
[INFO] Theme "VAADIN\themes\mytheme" updated
[INFO] 
[INFO] --- license-maven-plugin:1.7:update-file-header (first) @ ch03_listSelect ---
[INFO] Will search files to update from root C:\cygwin\home\John\workspace\vaadin_cookbook\ch03_listSelect\src\main\java
[INFO] Will search files to update from root C:\cygwin\home\John\workspace\vaadin_cookbook\ch03_listSelect\src\main\resources
[INFO] Scan 2 files header done in 10.551ms.
[INFO] All files are up-to-date.
[INFO] 
[INFO] --- vaadin-maven-plugin:7.2.1:compile-theme (default) @ ch03_listSelect ---
[INFO] Updating theme VAADIN\themes\mytheme
[INFO] Theme "VAADIN\themes\mytheme" compiled
[INFO] 
[INFO] --- maven-resources-plugin:2.5:resources (default-resources) @ ch03_listSelect ---
[debug] execute contextualize
[INFO] Using 'UTF-8' encoding to copy filtered resources.
[INFO] Copying 0 resource
[INFO] 
[INFO] --- vaadin-maven-plugin:7.2.1:resources (default) @ ch03_listSelect ---
[INFO] auto discovered modules [com.mcparland.john.AppWidgetSet]
[INFO] 1 source files from GWT module com.mcparland.john.AppWidgetSet
[INFO] 
[INFO] <<< vaadin-maven-plugin:7.2.1:compile (default) @ ch03_listSelect <<<
[INFO] 
[INFO] --- vaadin-maven-plugin:7.2.1:compile (default) @ ch03_listSelect ---
[INFO] auto discovered modules [com.mcparland.john.AppWidgetSet]
[WARNING] Failed to retrieve com.vaadin:vaadin-client-compiler based on project POM
[INFO] Using com.vaadin:vaadin-client-compiler version 7.2.1
[INFO] com.mcparland.john.AppWidgetSet is up to date. GWT compilation skipped
[INFO] 
[INFO] --- maven-war-plugin:2.2:war (default-war) @ ch03_listSelect ---
[INFO] Packaging webapp
[INFO] Assembling webapp [ch03_listSelect] in [C:\cygwin\home\John\workspace\vaadin_cookbook\ch03_listSelect\target\ch03_listSelect-0.1-SNAPSHOT]
[INFO] Processing war project
[INFO] Copying webapp resources [C:\cygwin\home\John\workspace\vaadin_cookbook\ch03_listSelect\src\main\webapp]
[INFO] Webapp assembled in [214 msecs]
[INFO] Building war: C:\cygwin\home\John\workspace\vaadin_cookbook\ch03_listSelect\target\ch03_listSelect-0.1-SNAPSHOT.war
[INFO] 
[INFO] --- maven-install-plugin:2.3.1:install (default-install) @ ch03_listSelect ---
[INFO] Installing C:\cygwin\home\John\workspace\vaadin_cookbook\ch03_listSelect\target\ch03_listSelect-0.1-SNAPSHOT.war to C:\Users\John\.m2\repository\com\mcparland\john\ch03_listSelect\0.1-SNAPSHOT\ch03_listSelect-0.1-SNAPSHOT.war
[INFO] Installing C:\cygwin\home\John\workspace\vaadin_cookbook\ch03_listSelect\pom.xml to C:\Users\John\.m2\repository\com\mcparland\john\ch03_listSelect\0.1-SNAPSHOT\ch03_listSelect-0.1-SNAPSHOT.pom
[INFO] ------------------------------------------------------------------------
[INFO] BUILD SUCCESS
[INFO] ------------------------------------------------------------------------
[INFO] Total time: 1:37.105s
[INFO] Finished at: Sat Nov 01 13:21:07 GMT 2014
[INFO] Final Memory: 26M/168M
[INFO] ------------------------------------------------------------------------
